<?xml version="1.0" encoding="UTF-8"?>
<!-- Generated by org.testng.reporters.JUnitXMLReporter -->
<testsuite ignored="0" hostname="DESKTOP-Saheli09" failures="0" tests="3" name="Test" time="45.492" errors="0" timestamp="2020-11-04T11:55:12 IST">
  <testcase classname="com.tests.TestNG" name="@AfterClass close" time="-1.604471112136E9">
    <failure type="org.testng.TestNGException" message="
Can inject only one of &amp;lt;ITestContext, XmlTest&amp;gt; into a @AfterClass annotated close.
For more information on native dependency injection please refer to https://testng.org/doc/documentation-main.html#native-dependency-injection">
      <![CDATA[org.testng.TestNGException: 
Can inject only one of <ITestContext, XmlTest> into a @AfterClass annotated close.
For more information on native dependency injection please refer to https://testng.org/doc/documentation-main.html#native-dependency-injection
at java.base/java.util.ArrayList.forEach(ArrayList.java:1511)
... Removed 22 stack frames]]>
    </failure>
  </testcase> <!-- @AfterClass close -->
  <testcase classname="com.tests.TestNG" name="getGoogleSignIn" time="20.501"/>
  <testcase classname="com.tests.TestNG" name="getPopularUsedCars" time="7.246"/>
  <testcase classname="com.tests.TestNG" name="getUpcomingBikes" time="10.496"/>
</testsuite> <!-- Test -->
